[INFO ] 2023-08-22 17:53:27.036 [http-nio-8081-exec-2] UserServiceImpl - followee fetched : User(super=AbstractEntity(createdAt=1692619561596, updatedAt=1692619561596), id=64e35329a4927113be05e8d6, name=Ausaf, email=abc@gmail.com, password=qwerty, contact=1223, isCelebrity=false, pincode=null, role=null)
[INFO ] 2023-08-22 17:53:27.040 [http-nio-8081-exec-2] UserServiceImpl - persisting following : Following(super=AbstractEntity(createdAt=null, updatedAt=null), id=null, followerId=64e35398a721b43793108932, followeeId=64e35329a4927113be05e8d6, isFollowingACelebrity=false)
[INFO ] 2023-08-22 17:55:03.455 [http-nio-8081-exec-2] UserServiceImpl - followee fetched : User(super=AbstractEntity(createdAt=1692619561596, updatedAt=1692619561596), id=64e35329a4927113be05e8d6, name=Ausaf, email=abc@gmail.com, password=qwerty, contact=1223, isCelebrity=false, pincode=null, role=null)
[INFO ] 2023-08-22 17:55:03.459 [http-nio-8081-exec-2] UserServiceImpl - persisting following : Following(super=AbstractEntity(createdAt=null, updatedAt=null), id=null, followerId=64e35398a721b43793108932, followeeId=64e35329a4927113be05e8d6, isFollowingACelebrity=false)
[INFO ] 2023-08-22 18:09:22.320 [http-nio-8081-exec-1] UserServiceImpl - followee fetched : User(super=AbstractEntity(createdAt=1692619561596, updatedAt=1692619561596), id=64e35329a4927113be05e8d6, name=Ausaf, email=abc@gmail.com, password=qwerty, contact=1223, isCelebrity=false, pincode=null, role=null)
[INFO ] 2023-08-22 18:09:22.329 [http-nio-8081-exec-1] UserServiceImpl - persisting following : Following(super=AbstractEntity(createdAt=null, updatedAt=null), id=null, followerId=64e35398a721b43793108932, followeeId=64e35329a4927113be05e8d6, isFollowingACelebrity=false)
[INFO ] 2023-08-22 18:13:22.346 [http-nio-8081-exec-2] UserServiceImpl - persisting user : User(super=AbstractEntity(createdAt=null, updatedAt=null), id=null, name=Ausaf, email=abcd@gmail.com, password=qwertyu, contact=12323, isCelebrity=false, pincode=null, role=null)
[INFO ] 2023-08-22 18:17:20.739 [http-nio-8081-exec-1] UserServiceImpl - persisting user : User(super=AbstractEntity(createdAt=null, updatedAt=null), id=null, name=Ausaf, email=abcd@gmail.com, password=qwertyu, contact=12323, isCelebrity=false, pincode=12345, role=PERSON)
[INFO ] 2023-08-22 18:18:43.039 [http-nio-8081-exec-1] UserServiceImpl - followee fetched : User(super=AbstractEntity(createdAt=1692619561596, updatedAt=1692619561596), id=64e35329a4927113be05e8d6, name=Ausaf, email=abc@gmail.com, password=qwerty, contact=1223, isCelebrity=false, pincode=null, role=null)
[INFO ] 2023-08-22 18:18:43.040 [http-nio-8081-exec-1] UserServiceImpl - persisting following : Following(super=AbstractEntity(createdAt=null, updatedAt=null), id=null, followerId=64e4ae5899e16144a508adee, followeeId=64e35329a4927113be05e8d6, isFollowingACelebrity=false)
[INFO ] 2023-08-23 11:36:41.345 [http-nio-8081-exec-1] UserServiceImpl - persisting user : User(super=AbstractEntity(createdAt=null, updatedAt=null), id=null, name=Ausaf, email=abcd@gmail.com, password=qwertyu, contact=12323, isCelebrity=false, pincode=, role=PERSON)
[INFO ] 2023-08-23 11:36:59.968 [http-nio-8081-exec-3] UserServiceImpl - persisting user : User(super=AbstractEntity(createdAt=null, updatedAt=null), id=null, name=, email=abcd@gmail.com, password=qwertyu, contact=12323, isCelebrity=false, pincode=, role=PERSON)
[INFO ] 2023-08-25 01:21:51.884 [http-nio-8081-exec-1] UserServiceImpl - persisting following : Following(super=AbstractEntity(createdAt=null, updatedAt=null), id=null, followerId=64e5a2039feeb4298f3963ac, followeeId=64e35329a4927113be05e8d6, isFollowingACelebrity=false)
[INFO ] 2023-08-25 01:23:36.074 [http-nio-8081-exec-1] UserServiceImpl - persisting following : Following(super=AbstractEntity(createdAt=null, updatedAt=null), id=null, followerId=64e5a2039feeb4298f3963ac, followeeId=64e35329a4927113be05e8d6, isFollowingACelebrity=false)
[INFO ] 2023-08-25 01:26:04.274 [http-nio-8081-exec-4] UserServiceImpl - persisting following : Following(super=AbstractEntity(createdAt=null, updatedAt=null), id=null, followerId=64e5a1f19feeb4298f3963ab, followeeId=64e4ae5899e16144a508adee, isFollowingACelebrity=false)
[INFO ] 2023-08-25 01:26:49.220 [http-nio-8081-exec-6] UserServiceImpl - persisting following : Following(super=AbstractEntity(createdAt=null, updatedAt=null), id=null, followerId=64e5a1f19feeb4298f3963ab, followeeId=64e4ae5899e16144a508adee, isFollowingACelebrity=false)
[INFO ] 2023-08-25 01:28:00.783 [http-nio-8081-exec-8] UserServiceImpl - persisting following : Following(super=AbstractEntity(createdAt=null, updatedAt=null), id=null, followerId=64e4ae5899e16144a508adee, followeeId=64e5a1f19feeb4298f3963ab, isFollowingACelebrity=false)
[INFO ] 2023-08-25 01:29:18.395 [http-nio-8081-exec-9] UserServiceImpl - persisting following : Following(super=AbstractEntity(createdAt=null, updatedAt=null), id=null, followerId=64e5a2039feeb4298f3963ac, followeeId=64e4ae5899e16144a508adee, isFollowingACelebrity=false)
[INFO ] 2023-08-25 01:36:14.032 [http-nio-8081-exec-4] UserServiceImpl - persisting following : Following(super=AbstractEntity(createdAt=null, updatedAt=null), id=null, followerId=64e5a1f19feeb4298f3963ab, followeeId=64e5a2039feeb4298f3963ac, isFollowingACelebrity=false)
[INFO ] 2023-08-25 01:39:36.792 [http-nio-8081-exec-2] UserServiceImpl - persisting user : User(super=AbstractEntity(createdAt=null, updatedAt=null), id=null, name=newUser, email=abcd@gmail.com, password=qwertyu, contact=12323, totalFollowers=null, isCelebrity=false, pincode=84904, role=PERSON)
[INFO ] 2023-08-25 01:40:26.397 [http-nio-8081-exec-1] UserServiceImpl - persisting user : User(super=AbstractEntity(createdAt=null, updatedAt=null), id=null, name=newUser, email=abcd@gmail.com, password=qwertyu, contact=12323, totalFollowers=0, isCelebrity=false, pincode=84904, role=PERSON)
[INFO ] 2023-08-25 01:40:59.330 [http-nio-8081-exec-3] UserServiceImpl - persisting following : Following(super=AbstractEntity(createdAt=null, updatedAt=null), id=null, followerId=64e5a1f19feeb4298f3963ab, followeeId=64e7b93255747c30e7024375, isFollowingACelebrity=false)
[INFO ] 2023-08-25 01:41:16.830 [http-nio-8081-exec-4] UserServiceImpl - persisting following : Following(super=AbstractEntity(createdAt=null, updatedAt=null), id=null, followerId=64e5a1f19feeb4298f3963ab, followeeId=64e7b93255747c30e7024375, isFollowingACelebrity=false)
[INFO ] 2023-08-25 11:04:30.495 [http-nio-8081-exec-2] UserServiceImpl - persisting user : User(super=AbstractEntity(createdAt=null, updatedAt=null, entityState=ACTIVE), id=null, name=newUswer, email=abcd@gmail.com, password=qwertyu, contact=12323, totalFollowers=0, isCelebrity=false, pincode=84904, role=PERSON)
[INFO ] 2023-08-25 19:40:58.633 [http-nio-8081-exec-1] UserServiceImpl - persisting user : User(super=AbstractEntity(createdAt=null, updatedAt=null, entityState=ACTIVE), id=null, name=NnewUser, email=abcd@gmail.com, password=qwertyu, contact=12323, totalFollowers=0, isCelebrity=false, pincode=84904, role=PERSON)
[INFO ] 2023-08-26 19:47:16.519 [http-nio-8081-exec-1] UserServiceImpl - persisting user : User(super=AbstractEntity(createdAt=null, updatedAt=null, entityState=ACTIVE), id=null, name=Ausaf, email=abc@gmail.com, password=qwerty, contact=12323, totalFollowers=0, isCelebrity=false, pincode=84904, role=PERSON)
[INFO ] 2023-08-26 19:47:35.476 [http-nio-8081-exec-3] UserServiceImpl - persisting user : User(super=AbstractEntity(createdAt=null, updatedAt=null, entityState=ACTIVE), id=null, name=Ahmed, email=abcd@gmail.com, password=qwwerty, contact=121323, totalFollowers=0, isCelebrity=false, pincode=849104, role=PERSON)
[INFO ] 2023-08-26 19:48:10.134 [http-nio-8081-exec-4] UserServiceImpl - persisting following : Following(super=AbstractEntity(createdAt=null, updatedAt=null, entityState=ACTIVE), id=null, followerId=64ea096ccfc68f7d824794c6, followeeId=64ea097fcfc68f7d824794c7, isFollowingACelebrity=false)
[INFO ] 2023-08-26 19:49:28.394 [http-nio-8081-exec-7] UserServiceImpl - persisting user : User(super=AbstractEntity(createdAt=null, updatedAt=null, entityState=ACTIVE), id=null, name=Khan, email=abcde@gmail.com, password=qwwwerty, contact=121323, totalFollowers=0, isCelebrity=false, pincode=849704, role=PERSON)
[INFO ] 2023-08-26 19:49:41.510 [http-nio-8081-exec-8] UserServiceImpl - persisting following : Following(super=AbstractEntity(createdAt=null, updatedAt=null, entityState=ACTIVE), id=null, followerId=64ea096ccfc68f7d824794c6, followeeId=64ea09f0cfc68f7d824794c9, isFollowingACelebrity=false)
[INFO ] 2023-08-28 11:04:21.031 [http-nio-8081-exec-1] UserServiceImpl - persisting following : Following(super=AbstractEntity(createdAt=null, updatedAt=null, entityState=ACTIVE), id=null, followerId=64ea096ccfc68f7d824794c6, followeeId=64ea09f0cfc68f7d824794c9, isFollowingACelebrity=false)
[INFO ] 2023-08-28 11:05:21.312 [http-nio-8081-exec-3] UserServiceImpl - persisting following : Following(super=AbstractEntity(createdAt=null, updatedAt=null, entityState=ACTIVE), id=null, followerId=64ea096ccfc68f7d824794c6, followeeId=64ea097fcfc68f7d824794c7, isFollowingACelebrity=false)
[INFO ] 2023-08-28 16:09:10.625 [http-nio-8081-exec-1] UserServiceImpl - persisting user : User(super=AbstractEntity(createdAt=null, updatedAt=null, entityState=ACTIVE), id=null, name=DemoCeleb, email=abcdef@gmail.com, password=qwwawerty, contact=121223, totalFollowers=0, isCelebrity=false, pincode=849704, role=PERSON)
[INFO ] 2023-08-28 16:09:35.553 [http-nio-8081-exec-3] UserServiceImpl - persisting user : User(super=AbstractEntity(createdAt=null, updatedAt=null, entityState=ACTIVE), id=null, name=DemoPage, email=abcwdef@gmail.com, password=qwwawerty, contact=1211223, totalFollowers=0, isCelebrity=false, pincode=819704, role=PAGE)
[INFO ] 2023-08-28 16:11:47.179 [http-nio-8081-exec-6] UserServiceImpl - persisting following : Following(super=AbstractEntity(createdAt=null, updatedAt=null, entityState=ACTIVE), id=null, followerId=64ea096ccfc68f7d824794c6, followeeId=64ec7967bb95e45607198fbc, isFollowingACelebrity=true)
[INFO ] 2023-08-28 16:11:54.310 [http-nio-8081-exec-7] UserServiceImpl - persisting following : Following(super=AbstractEntity(createdAt=null, updatedAt=null, entityState=ACTIVE), id=null, followerId=64ea096ccfc68f7d824794c6, followeeId=64ec794ebb95e45607198fbb, isFollowingACelebrity=true)
[INFO ] 2023-08-29 10:37:45.932 [http-nio-8081-exec-8] UserServiceImpl - persisting following : Following(super=AbstractEntity(createdAt=null, updatedAt=null, entityState=ACTIVE), id=null, followerId=64ea096ccfc68f7d824794c6, followeeId=64ea09f0cfc68f7d824794c9, isFollowingACelebrity=false)
[INFO ] 2023-08-29 10:37:51.437 [http-nio-8081-exec-9] UserServiceImpl - persisting following : Following(super=AbstractEntity(createdAt=null, updatedAt=null, entityState=ACTIVE), id=null, followerId=64ea096ccfc68f7d824794c6, followeeId=64ea097fcfc68f7d824794c7, isFollowingACelebrity=false)
